[debug] [2024-11-23T04:12:42.340Z] ----------------------------------------------------------------------
[debug] [2024-11-23T04:12:42.342Z] Command:       C:\Program Files\nodejs\node.exe C:\Users\Beech\AppData\Roaming\npm\node_modules\firebase-tools\lib\bin\firebase.js init hosting
[debug] [2024-11-23T04:12:42.342Z] CLI Version:   13.27.0
[debug] [2024-11-23T04:12:42.343Z] Platform:      win32
[debug] [2024-11-23T04:12:42.343Z] Node Version:  v20.17.0
[debug] [2024-11-23T04:12:42.343Z] Time:          Fri Nov 22 2024 19:12:42 GMT-0900 (Alaska Standard Time)
[debug] [2024-11-23T04:12:42.343Z] ----------------------------------------------------------------------
[debug] 
[debug] [2024-11-23T04:12:42.410Z] > command requires scopes: ["email","openid","https://www.googleapis.com/auth/cloudplatformprojects.readonly","https://www.googleapis.com/auth/firebase","https://www.googleapis.com/auth/cloud-platform"]
[debug] [2024-11-23T04:12:42.410Z] > authorizing via signed-in user (gbeecher@alaska.edu)
[info] 
     ######## #### ########  ######## ########     ###     ######  ########
     ##        ##  ##     ## ##       ##     ##  ##   ##  ##       ##
     ######    ##  ########  ######   ########  #########  ######  ######
     ##        ##  ##    ##  ##       ##     ## ##     ##       ## ##
     ##       #### ##     ## ######## ########  ##     ##  ######  ########

You're about to initialize a Firebase project in this directory:

  C:\Users\Beech

Before we get started, keep in mind:

  * You are initializing within an existing Firebase project directory

[info] 
=== Project Setup
[info] 
[info] First, let's associate this project directory with a Firebase project.
[info] You can create multiple project aliases by running firebase use --add, 
[info] but for now we'll just set up a default project.
[info] 
[debug] [2024-11-23T04:12:52.933Z] Using project from CLI flag: word-buster-99508
[debug] [2024-11-23T04:12:52.934Z] Checked if tokens are valid: false, expires at: 1732331988896
[debug] [2024-11-23T04:12:52.934Z] Checked if tokens are valid: false, expires at: 1732331988896
[debug] [2024-11-23T04:12:52.934Z] > refreshing access token with scopes: []
[debug] [2024-11-23T04:12:52.936Z] >>> [apiv2][query] POST https://www.googleapis.com/oauth2/v3/token [none]
[debug] [2024-11-23T04:12:52.936Z] >>> [apiv2][body] POST https://www.googleapis.com/oauth2/v3/token [omitted]
[debug] [2024-11-23T04:12:53.289Z] <<< [apiv2][status] POST https://www.googleapis.com/oauth2/v3/token 200
[debug] [2024-11-23T04:12:53.289Z] <<< [apiv2][body] POST https://www.googleapis.com/oauth2/v3/token [omitted]
[debug] [2024-11-23T04:12:53.302Z] >>> [apiv2][query] GET https://firebase.googleapis.com/v1beta1/projects/word-buster-99508 [none]
[debug] [2024-11-23T04:12:53.665Z] <<< [apiv2][status] GET https://firebase.googleapis.com/v1beta1/projects/word-buster-99508 200
[debug] [2024-11-23T04:12:53.665Z] <<< [apiv2][body] GET https://firebase.googleapis.com/v1beta1/projects/word-buster-99508 {"projectId":"word-buster-99508","projectNumber":"970363193320","displayName":"Wordle-Crackdown","name":"projects/word-buster-99508","resources":{"hostingSite":"word-buster-99508","realtimeDatabaseInstance":"word-buster-99508-default-rtdb"},"state":"ACTIVE","etag":"1_930194fd-6b40-4573-b103-64bb3a5b3581"}
[info] i  Using project word-buster-99508 (Wordle-Crackdown) 
[info] 
=== Hosting Setup
[debug] [2024-11-23T04:12:53.671Z] Checked if tokens are valid: true, expires at: 1732338772289
[debug] [2024-11-23T04:12:53.671Z] Checked if tokens are valid: true, expires at: 1732338772289
[debug] [2024-11-23T04:12:53.672Z] >>> [apiv2][query] GET https://firebase.googleapis.com/v1beta1/projects/word-buster-99508 [none]
[debug] [2024-11-23T04:12:53.852Z] <<< [apiv2][status] GET https://firebase.googleapis.com/v1beta1/projects/word-buster-99508 200
[debug] [2024-11-23T04:12:53.853Z] <<< [apiv2][body] GET https://firebase.googleapis.com/v1beta1/projects/word-buster-99508 {"projectId":"word-buster-99508","projectNumber":"970363193320","displayName":"Wordle-Crackdown","name":"projects/word-buster-99508","resources":{"hostingSite":"word-buster-99508","realtimeDatabaseInstance":"word-buster-99508-default-rtdb"},"state":"ACTIVE","etag":"1_930194fd-6b40-4573-b103-64bb3a5b3581"}
[info] 
[info] Your public directory is the folder (relative to your project directory) that
[info] will contain Hosting assets to be uploaded with firebase deploy. If you
[info] have a build process for your assets, use your build's output directory.
[info] 
